<?xml version="1.0" encoding="UTF-8"?>
<testng-results skipped="0" failed="0" ignored="0" total="2" passed="2">
  <reporter-output>
  </reporter-output>
  <suite name="MercuryToursWebPage" duration-ms="12787" started-at="2020-06-03T00:55:20Z" finished-at="2020-06-03T00:55:32Z">
    <groups>
    </groups>
    <test name="FunctionalTesting1" duration-ms="9691" started-at="2020-06-03T00:55:20Z" finished-at="2020-06-03T00:55:29Z">
      <class name="MercuryTours.FunctionalTestingInChrome">
        <test-method status="PASS" signature="Config()[pri:0, instance:MercuryTours.FunctionalTestingInChrome@77e4c80f]" name="Config" is-config="true" duration-ms="6962" started-at="2020-06-03T00:55:20Z" finished-at="2020-06-03T00:55:27Z">
          <reporter-output>
          </reporter-output>
        </test-method> <!-- Config -->
        <test-method status="PASS" signature="waitToFindEle()[pri:0, instance:MercuryTours.FunctionalTestingInChrome@77e4c80f]" name="waitToFindEle" is-config="true" duration-ms="6" started-at="2020-06-03T00:55:27Z" finished-at="2020-06-03T00:55:27Z">
          <reporter-output>
          </reporter-output>
        </test-method> <!-- waitToFindEle -->
        <test-method status="PASS" signature="signIn(java.lang.String, java.lang.String)[pri:0, instance:MercuryTours.FunctionalTestingInChrome@77e4c80f]" name="signIn" duration-ms="2450" started-at="2020-06-03T00:55:27Z" finished-at="2020-06-03T00:55:29Z">
          <params>
            <param index="0">
              <value>
                <![CDATA[username2]]>
              </value>
            </param>
            <param index="1">
              <value>
                <![CDATA[password2]]>
              </value>
            </param>
          </params>
          <reporter-output>
          </reporter-output>
        </test-method> <!-- signIn -->
        <test-method status="PASS" signature="close()[pri:0, instance:MercuryTours.FunctionalTestingInChrome@77e4c80f]" name="close" is-config="true" duration-ms="242" started-at="2020-06-03T00:55:29Z" finished-at="2020-06-03T00:55:29Z">
          <reporter-output>
          </reporter-output>
        </test-method> <!-- close -->
      </class> <!-- MercuryTours.FunctionalTestingInChrome -->
    </test> <!-- FunctionalTesting1 -->
    <test name="FunctionalTesting" duration-ms="12787" started-at="2020-06-03T00:55:20Z" finished-at="2020-06-03T00:55:32Z">
      <class name="MercuryTours.FunctionalTestingInChrome">
        <test-method status="PASS" signature="Config()[pri:0, instance:MercuryTours.FunctionalTestingInChrome@77be656f]" name="Config" is-config="true" duration-ms="5460" started-at="2020-06-03T00:55:20Z" finished-at="2020-06-03T00:55:25Z">
          <reporter-output>
          </reporter-output>
        </test-method> <!-- Config -->
        <test-method status="PASS" signature="waitToFindEle()[pri:0, instance:MercuryTours.FunctionalTestingInChrome@77be656f]" name="waitToFindEle" is-config="true" duration-ms="31" started-at="2020-06-03T00:55:25Z" finished-at="2020-06-03T00:55:25Z">
          <reporter-output>
          </reporter-output>
        </test-method> <!-- waitToFindEle -->
        <test-method status="PASS" signature="signIn(java.lang.String, java.lang.String)[pri:0, instance:MercuryTours.FunctionalTestingInChrome@77be656f]" name="signIn" duration-ms="7036" started-at="2020-06-03T00:55:25Z" finished-at="2020-06-03T00:55:32Z">
          <params>
            <param index="0">
              <value>
                <![CDATA[username1]]>
              </value>
            </param>
            <param index="1">
              <value>
                <![CDATA[password1]]>
              </value>
            </param>
          </params>
          <reporter-output>
          </reporter-output>
        </test-method> <!-- signIn -->
        <test-method status="PASS" signature="close()[pri:0, instance:MercuryTours.FunctionalTestingInChrome@77be656f]" name="close" is-config="true" duration-ms="183" started-at="2020-06-03T00:55:32Z" finished-at="2020-06-03T00:55:32Z">
          <reporter-output>
          </reporter-output>
        </test-method> <!-- close -->
      </class> <!-- MercuryTours.FunctionalTestingInChrome -->
    </test> <!-- FunctionalTesting -->
  </suite> <!-- MercuryToursWebPage -->
</testng-results>
