<?xml version="1.0" encoding="UTF-8"?>
<testng-results skipped="0" failed="1" ignored="0" total="17" passed="16">
  <reporter-output>
  </reporter-output>
  <suite name="Default suite" duration-ms="24080" started-at="2020-06-03T18:27:30Z" finished-at="2020-06-03T18:27:54Z">
    <groups>
    </groups>
    <test name="Default test" duration-ms="24080" started-at="2020-06-03T18:27:30Z" finished-at="2020-06-03T18:27:54Z">
      <class name="WikipediaCreateAccount.TestingUsingXLSFile">
        <test-method status="PASS" signature="config()[pri:0, instance:WikipediaCreateAccount.TestingUsingXLSFile@3b938003]" name="config" is-config="true" duration-ms="5767" started-at="2020-06-03T18:27:30Z" finished-at="2020-06-03T18:27:36Z">
          <reporter-output>
          </reporter-output>
        </test-method> <!-- config -->
        <test-method status="FAIL" signature="createAccount(java.lang.String, java.lang.String, java.lang.String, java.lang.String)[pri:0, instance:WikipediaCreateAccount.TestingUsingXLSFile@3b938003]" name="createAccount" duration-ms="110" started-at="2020-06-03T18:27:36Z" data-provider="testData" finished-at="2020-06-03T18:27:36Z">
          <params>
            <param index="0">
              <value is-null="true"/>
            </param>
            <param index="1">
              <value is-null="true"/>
            </param>
            <param index="2">
              <value is-null="true"/>
            </param>
            <param index="3">
              <value is-null="true"/>
            </param>
          </params>
          <exception class="java.lang.IllegalArgumentException">
            <message>
              <![CDATA[Keys to send should be a not null CharSequence]]>
            </message>
            <full-stacktrace>
              <![CDATA[java.lang.IllegalArgumentException: Keys to send should be a not null CharSequence
at org.openqa.selenium.remote.RemoteWebElement.sendKeys(RemoteWebElement.java:97)
at WikipediaCreateAccount.TestingUsingXLSFile.createAccount(TestingUsingXLSFile.java:38)
at sun.reflect.NativeMethodAccessorImpl.invoke0(Native Method)
at sun.reflect.NativeMethodAccessorImpl.invoke(Unknown Source)
at sun.reflect.DelegatingMethodAccessorImpl.invoke(Unknown Source)
at java.lang.reflect.Method.invoke(Unknown Source)
at org.testng.internal.MethodInvocationHelper.invokeMethod(MethodInvocationHelper.java:124)
at org.testng.internal.Invoker.invokeMethod(Invoker.java:583)
at org.testng.internal.Invoker.invokeTestMethod(Invoker.java:719)
at org.testng.internal.Invoker.invokeTestMethods(Invoker.java:989)
at org.testng.internal.TestMethodWorker.invokeTestMethods(TestMethodWorker.java:125)
at org.testng.internal.TestMethodWorker.run(TestMethodWorker.java:109)
at org.testng.TestRunner.privateRun(TestRunner.java:648)
at org.testng.TestRunner.run(TestRunner.java:505)
at org.testng.SuiteRunner.runTest(SuiteRunner.java:455)
at org.testng.SuiteRunner.runSequentially(SuiteRunner.java:450)
at org.testng.SuiteRunner.privateRun(SuiteRunner.java:415)
at org.testng.SuiteRunner.run(SuiteRunner.java:364)
at org.testng.SuiteRunnerWorker.runSuite(SuiteRunnerWorker.java:52)
at org.testng.SuiteRunnerWorker.run(SuiteRunnerWorker.java:84)
at org.testng.TestNG.runSuitesSequentially(TestNG.java:1208)
at org.testng.TestNG.runSuitesLocally(TestNG.java:1137)
at org.testng.TestNG.runSuites(TestNG.java:1049)
at org.testng.TestNG.run(TestNG.java:1017)
at org.testng.remote.AbstractRemoteTestNG.run(AbstractRemoteTestNG.java:115)
at org.testng.remote.RemoteTestNG.initAndRun(RemoteTestNG.java:251)
at org.testng.remote.RemoteTestNG.main(RemoteTestNG.java:77)
]]>
            </full-stacktrace>
          </exception> <!-- java.lang.IllegalArgumentException -->
          <reporter-output>
          </reporter-output>
        </test-method> <!-- createAccount -->
        <test-method status="PASS" signature="createAccount(java.lang.String, java.lang.String, java.lang.String, java.lang.String)[pri:0, instance:WikipediaCreateAccount.TestingUsingXLSFile@3b938003]" name="createAccount" duration-ms="1141" started-at="2020-06-03T18:27:36Z" data-provider="testData" finished-at="2020-06-03T18:27:38Z">
          <params>
            <param index="0">
              <value>
                <![CDATA[username1]]>
              </value>
            </param>
            <param index="1">
              <value>
                <![CDATA[password1]]>
              </value>
            </param>
            <param index="2">
              <value>
                <![CDATA[password1]]>
              </value>
            </param>
            <param index="3">
              <value>
                <![CDATA[username1@testmail.com]]>
              </value>
            </param>
          </params>
          <reporter-output>
          </reporter-output>
        </test-method> <!-- createAccount -->
        <test-method status="PASS" signature="createAccount(java.lang.String, java.lang.String, java.lang.String, java.lang.String)[pri:0, instance:WikipediaCreateAccount.TestingUsingXLSFile@3b938003]" name="createAccount" duration-ms="1033" started-at="2020-06-03T18:27:38Z" data-provider="testData" finished-at="2020-06-03T18:27:39Z">
          <params>
            <param index="0">
              <value>
                <![CDATA[username2]]>
              </value>
            </param>
            <param index="1">
              <value>
                <![CDATA[password2]]>
              </value>
            </param>
            <param index="2">
              <value>
                <![CDATA[password2]]>
              </value>
            </param>
            <param index="3">
              <value>
                <![CDATA[username2@testmail.com]]>
              </value>
            </param>
          </params>
          <reporter-output>
          </reporter-output>
        </test-method> <!-- createAccount -->
        <test-method status="PASS" signature="createAccount(java.lang.String, java.lang.String, java.lang.String, java.lang.String)[pri:0, instance:WikipediaCreateAccount.TestingUsingXLSFile@3b938003]" name="createAccount" duration-ms="1039" started-at="2020-06-03T18:27:39Z" data-provider="testData" finished-at="2020-06-03T18:27:40Z">
          <params>
            <param index="0">
              <value>
                <![CDATA[username3]]>
              </value>
            </param>
            <param index="1">
              <value>
                <![CDATA[password3]]>
              </value>
            </param>
            <param index="2">
              <value>
                <![CDATA[password3]]>
              </value>
            </param>
            <param index="3">
              <value>
                <![CDATA[username3@testmail.com]]>
              </value>
            </param>
          </params>
          <reporter-output>
          </reporter-output>
        </test-method> <!-- createAccount -->
        <test-method status="PASS" signature="createAccount(java.lang.String, java.lang.String, java.lang.String, java.lang.String)[pri:0, instance:WikipediaCreateAccount.TestingUsingXLSFile@3b938003]" name="createAccount" duration-ms="937" started-at="2020-06-03T18:27:40Z" data-provider="testData" finished-at="2020-06-03T18:27:41Z">
          <params>
            <param index="0">
              <value>
                <![CDATA[username4]]>
              </value>
            </param>
            <param index="1">
              <value>
                <![CDATA[password4]]>
              </value>
            </param>
            <param index="2">
              <value>
                <![CDATA[password4]]>
              </value>
            </param>
            <param index="3">
              <value>
                <![CDATA[username4@testmail.com]]>
              </value>
            </param>
          </params>
          <reporter-output>
          </reporter-output>
        </test-method> <!-- createAccount -->
        <test-method status="PASS" signature="createAccount(java.lang.String, java.lang.String, java.lang.String, java.lang.String)[pri:0, instance:WikipediaCreateAccount.TestingUsingXLSFile@3b938003]" name="createAccount" duration-ms="877" started-at="2020-06-03T18:27:41Z" data-provider="testData" finished-at="2020-06-03T18:27:42Z">
          <params>
            <param index="0">
              <value>
                <![CDATA[username5]]>
              </value>
            </param>
            <param index="1">
              <value>
                <![CDATA[password5]]>
              </value>
            </param>
            <param index="2">
              <value>
                <![CDATA[password5]]>
              </value>
            </param>
            <param index="3">
              <value>
                <![CDATA[username5@testmail.com]]>
              </value>
            </param>
          </params>
          <reporter-output>
          </reporter-output>
        </test-method> <!-- createAccount -->
        <test-method status="PASS" signature="createAccount(java.lang.String, java.lang.String, java.lang.String, java.lang.String)[pri:0, instance:WikipediaCreateAccount.TestingUsingXLSFile@3b938003]" name="createAccount" duration-ms="872" started-at="2020-06-03T18:27:42Z" data-provider="testData" finished-at="2020-06-03T18:27:42Z">
          <params>
            <param index="0">
              <value>
                <![CDATA[username6]]>
              </value>
            </param>
            <param index="1">
              <value>
                <![CDATA[password6]]>
              </value>
            </param>
            <param index="2">
              <value>
                <![CDATA[password6]]>
              </value>
            </param>
            <param index="3">
              <value>
                <![CDATA[username6@testmail.com]]>
              </value>
            </param>
          </params>
          <reporter-output>
          </reporter-output>
        </test-method> <!-- createAccount -->
        <test-method status="PASS" signature="createAccount(java.lang.String, java.lang.String, java.lang.String, java.lang.String)[pri:0, instance:WikipediaCreateAccount.TestingUsingXLSFile@3b938003]" name="createAccount" duration-ms="873" started-at="2020-06-03T18:27:42Z" data-provider="testData" finished-at="2020-06-03T18:27:43Z">
          <params>
            <param index="0">
              <value>
                <![CDATA[username7]]>
              </value>
            </param>
            <param index="1">
              <value>
                <![CDATA[password7]]>
              </value>
            </param>
            <param index="2">
              <value>
                <![CDATA[password7]]>
              </value>
            </param>
            <param index="3">
              <value>
                <![CDATA[username7@testmail.com]]>
              </value>
            </param>
          </params>
          <reporter-output>
          </reporter-output>
        </test-method> <!-- createAccount -->
        <test-method status="PASS" signature="createAccount(java.lang.String, java.lang.String, java.lang.String, java.lang.String)[pri:0, instance:WikipediaCreateAccount.TestingUsingXLSFile@3b938003]" name="createAccount" duration-ms="871" started-at="2020-06-03T18:27:43Z" data-provider="testData" finished-at="2020-06-03T18:27:44Z">
          <params>
            <param index="0">
              <value>
                <![CDATA[username8]]>
              </value>
            </param>
            <param index="1">
              <value>
                <![CDATA[password8]]>
              </value>
            </param>
            <param index="2">
              <value>
                <![CDATA[password8]]>
              </value>
            </param>
            <param index="3">
              <value>
                <![CDATA[username8@testmail.com]]>
              </value>
            </param>
          </params>
          <reporter-output>
          </reporter-output>
        </test-method> <!-- createAccount -->
        <test-method status="PASS" signature="createAccount(java.lang.String, java.lang.String, java.lang.String, java.lang.String)[pri:0, instance:WikipediaCreateAccount.TestingUsingXLSFile@3b938003]" name="createAccount" duration-ms="916" started-at="2020-06-03T18:27:44Z" data-provider="testData" finished-at="2020-06-03T18:27:45Z">
          <params>
            <param index="0">
              <value>
                <![CDATA[username9]]>
              </value>
            </param>
            <param index="1">
              <value>
                <![CDATA[password9]]>
              </value>
            </param>
            <param index="2">
              <value>
                <![CDATA[password9]]>
              </value>
            </param>
            <param index="3">
              <value>
                <![CDATA[username9@testmail.com]]>
              </value>
            </param>
          </params>
          <reporter-output>
          </reporter-output>
        </test-method> <!-- createAccount -->
        <test-method status="PASS" signature="createAccount(java.lang.String, java.lang.String, java.lang.String, java.lang.String)[pri:0, instance:WikipediaCreateAccount.TestingUsingXLSFile@3b938003]" name="createAccount" duration-ms="1011" started-at="2020-06-03T18:27:45Z" data-provider="testData" finished-at="2020-06-03T18:27:46Z">
          <params>
            <param index="0">
              <value>
                <![CDATA[username10]]>
              </value>
            </param>
            <param index="1">
              <value>
                <![CDATA[password10]]>
              </value>
            </param>
            <param index="2">
              <value>
                <![CDATA[password10]]>
              </value>
            </param>
            <param index="3">
              <value>
                <![CDATA[username10@testmail.com]]>
              </value>
            </param>
          </params>
          <reporter-output>
          </reporter-output>
        </test-method> <!-- createAccount -->
        <test-method status="PASS" signature="createAccount(java.lang.String, java.lang.String, java.lang.String, java.lang.String)[pri:0, instance:WikipediaCreateAccount.TestingUsingXLSFile@3b938003]" name="createAccount" duration-ms="1024" started-at="2020-06-03T18:27:46Z" data-provider="testData" finished-at="2020-06-03T18:27:47Z">
          <params>
            <param index="0">
              <value>
                <![CDATA[username11]]>
              </value>
            </param>
            <param index="1">
              <value>
                <![CDATA[password11]]>
              </value>
            </param>
            <param index="2">
              <value>
                <![CDATA[password11]]>
              </value>
            </param>
            <param index="3">
              <value>
                <![CDATA[username11@testmail.com]]>
              </value>
            </param>
          </params>
          <reporter-output>
          </reporter-output>
        </test-method> <!-- createAccount -->
        <test-method status="PASS" signature="createAccount(java.lang.String, java.lang.String, java.lang.String, java.lang.String)[pri:0, instance:WikipediaCreateAccount.TestingUsingXLSFile@3b938003]" name="createAccount" duration-ms="1040" started-at="2020-06-03T18:27:47Z" data-provider="testData" finished-at="2020-06-03T18:27:48Z">
          <params>
            <param index="0">
              <value>
                <![CDATA[username12]]>
              </value>
            </param>
            <param index="1">
              <value>
                <![CDATA[password12]]>
              </value>
            </param>
            <param index="2">
              <value>
                <![CDATA[password12]]>
              </value>
            </param>
            <param index="3">
              <value>
                <![CDATA[username12@testmail.com]]>
              </value>
            </param>
          </params>
          <reporter-output>
          </reporter-output>
        </test-method> <!-- createAccount -->
        <test-method status="PASS" signature="createAccount(java.lang.String, java.lang.String, java.lang.String, java.lang.String)[pri:0, instance:WikipediaCreateAccount.TestingUsingXLSFile@3b938003]" name="createAccount" duration-ms="1019" started-at="2020-06-03T18:27:48Z" data-provider="testData" finished-at="2020-06-03T18:27:49Z">
          <params>
            <param index="0">
              <value>
                <![CDATA[username13]]>
              </value>
            </param>
            <param index="1">
              <value>
                <![CDATA[password13]]>
              </value>
            </param>
            <param index="2">
              <value>
                <![CDATA[password13]]>
              </value>
            </param>
            <param index="3">
              <value>
                <![CDATA[username13@testmail.com]]>
              </value>
            </param>
          </params>
          <reporter-output>
          </reporter-output>
        </test-method> <!-- createAccount -->
        <test-method status="PASS" signature="createAccount(java.lang.String, java.lang.String, java.lang.String, java.lang.String)[pri:0, instance:WikipediaCreateAccount.TestingUsingXLSFile@3b938003]" name="createAccount" duration-ms="1044" started-at="2020-06-03T18:27:49Z" data-provider="testData" finished-at="2020-06-03T18:27:50Z">
          <params>
            <param index="0">
              <value>
                <![CDATA[username14]]>
              </value>
            </param>
            <param index="1">
              <value>
                <![CDATA[password14]]>
              </value>
            </param>
            <param index="2">
              <value>
                <![CDATA[password14]]>
              </value>
            </param>
            <param index="3">
              <value>
                <![CDATA[username14@testmail.com]]>
              </value>
            </param>
          </params>
          <reporter-output>
          </reporter-output>
        </test-method> <!-- createAccount -->
        <test-method status="PASS" signature="createAccount(java.lang.String, java.lang.String, java.lang.String, java.lang.String)[pri:0, instance:WikipediaCreateAccount.TestingUsingXLSFile@3b938003]" name="createAccount" duration-ms="1015" started-at="2020-06-03T18:27:50Z" data-provider="testData" finished-at="2020-06-03T18:27:51Z">
          <params>
            <param index="0">
              <value>
                <![CDATA[username15]]>
              </value>
            </param>
            <param index="1">
              <value>
                <![CDATA[password15]]>
              </value>
            </param>
            <param index="2">
              <value>
                <![CDATA[password15]]>
              </value>
            </param>
            <param index="3">
              <value>
                <![CDATA[username15@testmail.com]]>
              </value>
            </param>
          </params>
          <reporter-output>
          </reporter-output>
        </test-method> <!-- createAccount -->
        <test-method status="PASS" signature="createAccount(java.lang.String, java.lang.String, java.lang.String, java.lang.String)[pri:0, instance:WikipediaCreateAccount.TestingUsingXLSFile@3b938003]" name="createAccount" duration-ms="1010" started-at="2020-06-03T18:27:51Z" data-provider="testData" finished-at="2020-06-03T18:27:52Z">
          <params>
            <param index="0">
              <value>
                <![CDATA[username16]]>
              </value>
            </param>
            <param index="1">
              <value>
                <![CDATA[password16]]>
              </value>
            </param>
            <param index="2">
              <value>
                <![CDATA[password16]]>
              </value>
            </param>
            <param index="3">
              <value>
                <![CDATA[username16@testmail.com]]>
              </value>
            </param>
          </params>
          <reporter-output>
          </reporter-output>
        </test-method> <!-- createAccount -->
        <test-method status="PASS" signature="close()[pri:0, instance:WikipediaCreateAccount.TestingUsingXLSFile@3b938003]" name="close" is-config="true" duration-ms="2127" started-at="2020-06-03T18:27:52Z" finished-at="2020-06-03T18:27:54Z">
          <reporter-output>
          </reporter-output>
        </test-method> <!-- close -->
      </class> <!-- WikipediaCreateAccount.TestingUsingXLSFile -->
    </test> <!-- Default test -->
  </suite> <!-- Default suite -->
</testng-results>
